<?xml version="1.0" encoding="UTF-8"?>
<!-- Generated by org.testng.reporters.JUnitReportReporter -->
<testsuite hostname="E7840-TECH" failures="0" tests="1" name="com.extramarks.assessment.apis.tests.PreviousWeeklyTestList.PreviousWeeklyTestListTest" time="4.018" errors="0" timestamp="2021-02-02T02:36:40 IST" skipped="0">
  <testcase classname="com.extramarks.assessment.apis.tests.PreviousWeeklyTestList.PreviousWeeklyTestListTest" name="PreviousWeeklyTestListTest_TC001" time="4.018"/>
  <system-out/>
</testsuite> <!-- com.extramarks.assessment.apis.tests.PreviousWeeklyTestList.PreviousWeeklyTestListTest -->
