<?xml version="1.0" encoding="UTF-8"?>
<!-- Generated by org.testng.reporters.JUnitReportReporter -->
<testsuite hostname="E7840-TECH" failures="0" tests="1" name="com.extramarks.assessment.apis.tests.GoToSchool.GoToSchoolTest" time="4.245" errors="0" timestamp="2021-02-02T01:20:49 IST" skipped="0">
  <testcase classname="com.extramarks.assessment.apis.tests.GoToSchool.GoToSchoolTest" name="GoToSchoolTest_TC001" time="4.245"/>
  <system-out/>
</testsuite> <!-- com.extramarks.assessment.apis.tests.GoToSchool.GoToSchoolTest -->
