<?xml version="1.0" encoding="UTF-8"?>
<!-- Generated by org.testng.reporters.JUnitReportReporter -->
<testsuite hostname="E7840-TECH" failures="1" tests="1" name="com.extramarks.assessment.apis.tests.GetSchedulesByClass.GetSchedulesByClassTest" time="3.749" errors="0" timestamp="2021-02-02T03:59:34 IST" skipped="0">
  <testcase classname="com.extramarks.assessment.apis.tests.GetSchedulesByClass.GetSchedulesByClassTest" name="GetSchedulesByClassTest_TC001" time="3.749">
    <failure message="expected [1] but found [0]" type="java.lang.AssertionError">
      <![CDATA[java.lang.AssertionError: expected [1] but found [0]
at org.testng.Assert.fail(Assert.java:99)
at org.testng.Assert.failNotEquals(Assert.java:1037)
at org.testng.Assert.assertEqualsImpl(Assert.java:140)
at org.testng.Assert.assertEquals(Assert.java:122)
at org.testng.Assert.assertEquals(Assert.java:629)
at org.testng.Assert.assertEquals(Assert.java:639)
at com.extramarks.assessment.apis.tests.GetSchedulesByClass.GetSchedulesByClassTest.assertSuccessResponse(GetSchedulesByClassTest.java:49)
at com.extramarks.assessment.apis.tests.GetSchedulesByClass.GetSchedulesByClassTest.GetSchedulesByClassTest_TC001(GetSchedulesByClassTest.java:39)
at java.base/jdk.internal.reflect.NativeMethodAccessorImpl.invoke0(Native Method)
at java.base/jdk.internal.reflect.NativeMethodAccessorImpl.invoke(NativeMethodAccessorImpl.java:64)
at java.base/jdk.internal.reflect.DelegatingMethodAccessorImpl.invoke(DelegatingMethodAccessorImpl.java:43)
at java.base/java.lang.reflect.Method.invoke(Method.java:564)
at org.testng.internal.MethodInvocationHelper.invokeMethod(MethodInvocationHelper.java:132)
at org.testng.internal.InvokeMethodRunnable.runOne(InvokeMethodRunnable.java:45)
at org.testng.internal.InvokeMethodRunnable.call(InvokeMethodRunnable.java:73)
at org.testng.internal.InvokeMethodRunnable.call(InvokeMethodRunnable.java:11)
at java.base/java.util.concurrent.FutureTask.run(FutureTask.java:264)
at java.base/java.util.concurrent.ThreadPoolExecutor.runWorker(ThreadPoolExecutor.java:1130)
at java.base/java.util.concurrent.ThreadPoolExecutor$Worker.run(ThreadPoolExecutor.java:630)
at java.base/java.lang.Thread.run(Thread.java:832)
]]>
    </failure>
  </testcase> <!-- GetSchedulesByClassTest_TC001 -->
  <system-out/>
</testsuite> <!-- com.extramarks.assessment.apis.tests.GetSchedulesByClass.GetSchedulesByClassTest -->
