<?xml version="1.0" encoding="UTF-8"?>
<!-- Generated by org.testng.reporters.JUnitReportReporter -->
<testsuite hostname="E7840-TECH" failures="0" tests="1" name="com.extrammarks.assessment.apis.tests.TestWiseAnalysis.TestWiseAnalysisTest" time="3.498" errors="0" timestamp="2021-02-02T02:42:02 IST" skipped="0">
  <testcase classname="com.extrammarks.assessment.apis.tests.TestWiseAnalysis.TestWiseAnalysisTest" name="TestWiseAnalysisTest_TC001" time="3.498"/>
  <system-out/>
</testsuite> <!-- com.extrammarks.assessment.apis.tests.TestWiseAnalysis.TestWiseAnalysisTest -->
