<?xml version="1.0" encoding="UTF-8"?>
<!-- Generated by org.testng.reporters.JUnitReportReporter -->
<testsuite hostname="E7840-TECH" failures="0" tests="1" name="com.extramarks.assessment.apis.tests.GoToSchool.GoToSchoolTest" time="3.891" errors="0" timestamp="2021-02-02T02:36:03 IST" skipped="0">
  <testcase classname="com.extramarks.assessment.apis.tests.GoToSchool.GoToSchoolTest" name="GoToSchoolTest_TC001" time="3.891"/>
  <system-out/>
</testsuite> <!-- com.extramarks.assessment.apis.tests.GoToSchool.GoToSchoolTest -->
