<?xml version="1.0" encoding="UTF-8"?>
<!-- Generated by org.testng.reporters.JUnitReportReporter -->
<testsuite hostname="E7840-TECH" failures="0" tests="1" name="com.extramarks.assessment.apis.tests.TestWiseAnalysis.TestWiseAnalysisTest" time="3.601" errors="0" timestamp="2021-02-02T03:17:47 IST" skipped="0">
  <testcase classname="com.extramarks.assessment.apis.tests.TestWiseAnalysis.TestWiseAnalysisTest" name="TestWiseAnalysisTest_TC001" time="3.601"/>
  <system-out/>
</testsuite> <!-- com.extramarks.assessment.apis.tests.TestWiseAnalysis.TestWiseAnalysisTest -->
