<?xml version="1.0" encoding="UTF-8"?>
<!-- Generated by org.testng.reporters.JUnitReportReporter -->
<testsuite hostname="E7840-TECH" failures="0" tests="1" name="com.extramarks.assessment.apis.tests.GetServiceDetailHomework.GetServiceDetailHomeworkTest" time="3.958" errors="0" timestamp="2021-02-02T14:45:53 IST" skipped="0">
  <testcase classname="com.extramarks.assessment.apis.tests.GetServiceDetailHomework.GetServiceDetailHomeworkTest" name="GetServiceDetailHomeworkTest_TC001" time="3.958"/>
  <system-out/>
</testsuite> <!-- com.extramarks.assessment.apis.tests.GetServiceDetailHomework.GetServiceDetailHomeworkTest -->
