<?xml version="1.0" encoding="UTF-8"?>
<!-- Generated by org.testng.reporters.JUnitReportReporter -->
<testsuite hostname="E7840-TECH" failures="0" tests="1" name="com.extramarks.assessment.apis.tests.GetServiceDetailsWorksheet.GetServiceDetailsWorksheetTest" time="4.223" errors="0" timestamp="2021-02-02T15:06:35 IST" skipped="0">
  <testcase classname="com.extramarks.assessment.apis.tests.GetServiceDetailsWorksheet.GetServiceDetailsWorksheetTest" name="GetServiceDetailsWorksheetTest_TC001" time="4.223"/>
  <system-out/>
</testsuite> <!-- com.extramarks.assessment.apis.tests.GetServiceDetailsWorksheet.GetServiceDetailsWorksheetTest -->
